*** Using Compiler 'V5.06 update 7 (build 960)', folder: 'D:\Keil_v5\ARM\ARMCC\Bin'
Build target 'R9_407E'
compiling moterdriver.c...
..\..\Drivers\BSP\R9\moterdriver.c(699): warning:  #1035-D: single-precision operand implicitly converted to double-precision
          T6_IN1 = 100 * (1.0 - acctemp);
..\..\Drivers\BSP\R9\moterdriver.c(719): warning:  #1035-D: single-precision operand implicitly converted to double-precision
          T6_IN2 = 100 * (1.0 - acctemp);
..\..\Drivers\BSP\R9\moterdriver.c(736): warning:  #1035-D: single-precision operand implicitly converted to double-precision
          T1_IN1 = 100 * (1.0 - acctemp);
..\..\Drivers\BSP\R9\moterdriver.c(738): warning:  #1035-D: single-precision operand implicitly converted to double-precision
          T2_IN1 = 100 * (1.0 - Kp * acctemp);
..\..\Drivers\BSP\R9\moterdriver.c(772): warning:  #1035-D: single-precision operand implicitly converted to double-precision
          T1_IN2 = 100 * (1.0 - acctemp);
..\..\Drivers\BSP\R9\moterdriver.c(774): warning:  #1035-D: single-precision operand implicitly converted to double-precision
          T2_IN2 = 100 * (1.0 - Kp * acctemp);
..\..\Drivers\BSP\R9\moterdriver.c(805): warning:  #1035-D: single-precision operand implicitly converted to double-precision
          T3_IN1 = 100 * (1.0 - acctemp);
..\..\Drivers\BSP\R9\moterdriver.c(830): warning:  #1035-D: single-precision operand implicitly converted to double-precision
          T3_IN2 = 100 * (1.0 - acctemp);
..\..\Drivers\BSP\R9\moterdriver.c(853): warning:  #1035-D: single-precision operand implicitly converted to double-precision
          T1_IN2 = 100 * (1.0 - acctemp);
..\..\Drivers\BSP\R9\moterdriver.c(876): warning:  #1035-D: single-precision operand implicitly converted to double-precision
          T1_IN1 = 100 * (1.0 - acctemp);
..\..\Drivers\BSP\R9\moterdriver.c(902): warning:  #1035-D: single-precision operand implicitly converted to double-precision
          T4_IN1 = 100 * (1.0 - acctemp);
..\..\Drivers\BSP\R9\moterdriver.c(904): warning:  #1035-D: single-precision operand implicitly converted to double-precision
          T5_IN1 = 100 * (1.0 - acctemp);
..\..\Drivers\BSP\R9\moterdriver.c(933): warning:  #1035-D: single-precision operand implicitly converted to double-precision
          T4_IN2 = 100 * (1.0 - acctemp);
..\..\Drivers\BSP\R9\moterdriver.c(935): warning:  #1035-D: single-precision operand implicitly converted to double-precision
          T5_IN2 = 100 * (1.0 - acctemp);
..\..\Drivers\BSP\R9\moterdriver.c(970): warning:  #1035-D: single-precision operand implicitly converted to double-precision
          T5_IN2 = 100 * (1.0 - acctemp);
..\..\Drivers\BSP\R9\moterdriver.c(993): warning:  #1035-D: single-precision operand implicitly converted to double-precision
          T5_IN1 = 100 * (1.0 - acctemp);
..\..\Drivers\BSP\R9\moterdriver.c(1011): warning:  #1035-D: single-precision operand implicitly converted to double-precision
          T2_IN1 = 100 * (1.0 - acctemp);
..\..\Drivers\BSP\R9\moterdriver.c(1035): warning:  #1035-D: single-precision operand implicitly converted to double-precision
          T2_IN2 = 100 * (1.0 - acctemp);
..\..\Drivers\BSP\R9\moterdriver.c: 18 warnings, 0 errors
linking...
Program Size: Code=51460 RO-data=5372 RW-data=340 ZI-data=5236  
FromELF: creating hex file...
"..\..\Output\atk_f407.axf" - 0 Error(s), 18 Warning(s).
Build Time Elapsed:  00:00:03
